<?xml version="1.0" encoding="UTF-8"?>
<robot generator="Robot 6.1.1 (Python 3.11.5 on win32)" generated="20240402 23:18:49.114" rpa="false" schemaversion="4">
<suite id="s1" name="Pratica Com Arg Retornos" source="C:\Users\babih\CursoUdemy\RobotFramework\VariaveisEscoposArgumentos\pratica_com_arg_retornos.robot">
<test id="s1-t1" name="Imprimindo um e-mail customizado e aleatório" line="8">
<kw name="Criar e-mail customizado e aleatório">
<var>${EMAIL_CRIADO}</var>
<arg>${PESSOA.nome}</arg>
<arg>${PESSOA.sobrenome}</arg>
<kw name="Generate Random String" library="String">
<var>${ALEATORIA}</var>
<doc>Generates a string with a desired ``length`` from the given ``chars``.</doc>
<msg timestamp="20240402 23:18:49.142" level="INFO">${ALEATORIA} = KNxJsC2q</msg>
<status status="PASS" starttime="20240402 23:18:49.142" endtime="20240402 23:18:49.142"/>
</kw>
<kw name="Set Variable" library="BuiltIn">
<var>${EMAIL_FINAL}</var>
<arg>${NOME}${SOBRENOME}${ALEATORIA}@testerobot.com</arg>
<doc>Returns the given values which can then be assigned to a variables.</doc>
<msg timestamp="20240402 23:18:49.143" level="INFO">${EMAIL_FINAL} = FulanodeTalKNxJsC2q@testerobot.com</msg>
<status status="PASS" starttime="20240402 23:18:49.143" endtime="20240402 23:18:49.143"/>
</kw>
<msg timestamp="20240402 23:18:49.143" level="INFO">${EMAIL_CRIADO} = FulanodeTalKNxJsC2q@testerobot.com</msg>
<status status="PASS" starttime="20240402 23:18:49.141" endtime="20240402 23:18:49.143"/>
</kw>
<kw name="Log To Console" library="BuiltIn">
<arg>${EMAIL_CRIADO}</arg>
<doc>Logs the given message to the console.</doc>
<status status="PASS" starttime="20240402 23:18:49.143" endtime="20240402 23:18:49.144"/>
</kw>
<status status="PASS" starttime="20240402 23:18:49.141" endtime="20240402 23:18:49.144"/>
</test>
<status status="PASS" starttime="20240402 23:18:49.116" endtime="20240402 23:18:49.145"/>
</suite>
<statistics>
<total>
<stat pass="1" fail="0" skip="0">All Tests</stat>
</total>
<tag>
</tag>
<suite>
<stat pass="1" fail="0" skip="0" id="s1" name="Pratica Com Arg Retornos">Pratica Com Arg Retornos</stat>
</suite>
</statistics>
<errors>
</errors>
</robot>
