<?xml version="1.0" encoding="UTF-8"?>
<robot generator="Robot 6.1.1 (Python 3.11.5 on win32)" generated="20240105 23:36:25.937" rpa="false" schemaversion="4">
<suite id="s1" name="Amazon Testes" source="C:\Users\babih\CursoUdemy\RobotFramework\WebTesting\amazon_testes.robot">
<test id="s1-t1" name="Caso de Teste 03 - Adicionar Produto no Carrinho" line="27">
<kw name="Abrir o navegador" library="amazon_resources" type="SETUP">
<kw name="Open Browser" library="SeleniumLibrary">
<arg>browser=${BROWSER}</arg>
<doc>Opens a new browser instance to the optional ``url``.</doc>
<msg timestamp="20240105 23:36:26.201" level="INFO">Opening browser 'chrome' to base url 'None'.</msg>
<status status="PASS" starttime="20240105 23:36:26.200" endtime="20240105 23:36:27.560"/>
</kw>
<kw name="Maximize Browser Window" library="SeleniumLibrary">
<doc>Maximizes current browser window.</doc>
<status status="PASS" starttime="20240105 23:36:27.562" endtime="20240105 23:36:27.689"/>
</kw>
<status status="PASS" starttime="20240105 23:36:26.200" endtime="20240105 23:36:27.689"/>
</kw>
<kw name="Acessar a home page do site Amazon.com.br" library="amazon_resources">
<kw name="Go To" library="SeleniumLibrary">
<arg>url=${URL}</arg>
<doc>Navigates the current browser window to the provided ``url``.</doc>
<msg timestamp="20240105 23:36:27.690" level="INFO">Opening url 'http://www.amazon.com.br'</msg>
<status status="PASS" starttime="20240105 23:36:27.690" endtime="20240105 23:36:29.430"/>
</kw>
<kw name="Wait Until Element Is Visible" library="SeleniumLibrary">
<arg>locator=${MENU_ELETRONICOS}</arg>
<doc>Waits until the element ``locator`` is visible.</doc>
<status status="PASS" starttime="20240105 23:36:29.430" endtime="20240105 23:36:34.184"/>
</kw>
<status status="PASS" starttime="20240105 23:36:27.689" endtime="20240105 23:36:34.184"/>
</kw>
<kw name="Digitar o nome de produto &quot;Xbox Series S&quot; no campo de pesquisa" library="amazon_resources" sourcename="Digitar o nome de produto &quot;${PRODUTO}&quot; no campo de pesquisa">
<kw name="Input Text" library="SeleniumLibrary">
<arg>locator=twotabsearchtextbox</arg>
<arg>text=${PRODUTO}</arg>
<doc>Types the given ``text`` into the text field identified by ``locator``.</doc>
<msg timestamp="20240105 23:36:34.185" level="INFO">Typing text 'Xbox Series S' into text field 'twotabsearchtextbox'.</msg>
<status status="PASS" starttime="20240105 23:36:34.185" endtime="20240105 23:36:34.375"/>
</kw>
<status status="PASS" starttime="20240105 23:36:34.185" endtime="20240105 23:36:34.375"/>
</kw>
<kw name="Clicar no botão de pesquisa" library="amazon_resources">
<kw name="Click Element" library="SeleniumLibrary">
<arg>locator=nav-search-submit-button</arg>
<doc>Click the element identified by ``locator``.</doc>
<msg timestamp="20240105 23:36:34.376" level="INFO">Clicking element 'nav-search-submit-button'.</msg>
<status status="PASS" starttime="20240105 23:36:34.376" endtime="20240105 23:36:35.897"/>
</kw>
<status status="PASS" starttime="20240105 23:36:34.376" endtime="20240105 23:36:35.897"/>
</kw>
<kw name="Verificar o resultado da pesquisa se está listando o produto &quot;Console Xbox Series S&quot;" library="amazon_resources" sourcename="Verificar o resultado da pesquisa se está listando o produto &quot;${PRODUTO}&quot;">
<kw name="Wait Until Element Is Visible" library="SeleniumLibrary">
<arg>locator=(//span[contains(.,'${PRODUTO}')])[3]</arg>
<doc>Waits until the element ``locator`` is visible.</doc>
<status status="PASS" starttime="20240105 23:36:35.898" endtime="20240105 23:36:35.926"/>
</kw>
<status status="PASS" starttime="20240105 23:36:35.898" endtime="20240105 23:36:35.926"/>
</kw>
<kw name="Adicionar o produto &quot;Console Xbox Series S&quot; no carrinho" library="amazon_resources" sourcename="Adicionar o produto &quot;${PRODUTO}&quot; no carrinho">
<kw name="Click Image" library="SeleniumLibrary">
<arg>locator=//img[contains(@alt,'${PRODUTO}')]</arg>
<doc>Clicks an image identified by ``locator``.</doc>
<msg timestamp="20240105 23:36:35.927" level="INFO">Clicking image '//img[contains(@alt,'Console Xbox Series S')]'.</msg>
<status status="PASS" starttime="20240105 23:36:35.926" endtime="20240105 23:36:39.206"/>
</kw>
<kw name="Wait Until Element Is Visible" library="SeleniumLibrary">
<arg>locator=${ADD_TO_CART_BTN}</arg>
<doc>Waits until the element ``locator`` is visible.</doc>
<status status="PASS" starttime="20240105 23:36:39.206" endtime="20240105 23:36:39.231"/>
</kw>
<kw name="Click Button" library="SeleniumLibrary">
<arg>locator=${ADD_TO_CART_BTN}</arg>
<doc>Clicks the button identified by ``locator``.</doc>
<msg timestamp="20240105 23:36:39.232" level="INFO">Clicking button '//input[contains(@id,'add-to-cart-button')]'.</msg>
<status status="PASS" starttime="20240105 23:36:39.231" endtime="20240105 23:36:40.413"/>
</kw>
<status status="PASS" starttime="20240105 23:36:35.926" endtime="20240105 23:36:40.413"/>
</kw>
<kw name="Verificar se o produto &quot;Console Xbox Series S&quot; foi adicionado com sucesso" library="amazon_resources" sourcename="Verificar se o produto &quot;${PRODUTO}&quot; foi adicionado com sucesso">
<kw name="Wait Until Element Is Visible" library="SeleniumLibrary">
<arg>locator=sw-atc-buy-box</arg>
<doc>Waits until the element ``locator`` is visible.</doc>
<status status="PASS" starttime="20240105 23:36:40.413" endtime="20240105 23:36:40.451"/>
</kw>
<kw name="Click Element" library="SeleniumLibrary">
<arg>locator=//a[contains(@data-csa-c-type,'button')]</arg>
<doc>Click the element identified by ``locator``.</doc>
<msg timestamp="20240105 23:36:40.451" level="INFO">Clicking element '//a[contains(@data-csa-c-type,'button')]'.</msg>
<status status="PASS" starttime="20240105 23:36:40.451" endtime="20240105 23:36:41.668"/>
</kw>
<kw name="Wait Until Element Is Visible" library="SeleniumLibrary">
<arg>locator=//span[@class='a-truncate-cut'][contains(.,'${PRODUTO}')]</arg>
<doc>Waits until the element ``locator`` is visible.</doc>
<status status="PASS" starttime="20240105 23:36:41.668" endtime="20240105 23:36:41.691"/>
</kw>
<status status="PASS" starttime="20240105 23:36:40.413" endtime="20240105 23:36:41.691"/>
</kw>
<kw name="Fechar o navegador" library="amazon_resources" type="TEARDOWN">
<kw name="Capture Page Screenshot" library="SeleniumLibrary">
<doc>Takes a screenshot of the current page and embeds it into a log file.</doc>
<msg timestamp="20240105 23:36:41.864" level="INFO" html="true">&lt;/td&gt;&lt;/tr&gt;&lt;tr&gt;&lt;td colspan="3"&gt;&lt;a href="selenium-screenshot-5.png"&gt;&lt;img src="selenium-screenshot-5.png" width="800px"&gt;&lt;/a&gt;</msg>
<status status="PASS" starttime="20240105 23:36:41.692" endtime="20240105 23:36:41.864"/>
</kw>
<kw name="Close Browser" library="SeleniumLibrary">
<doc>Closes the current browser.</doc>
<status status="PASS" starttime="20240105 23:36:41.864" endtime="20240105 23:36:44.024"/>
</kw>
<status status="PASS" starttime="20240105 23:36:41.691" endtime="20240105 23:36:44.024"/>
</kw>
<doc>Esse teste verifica a adição de um produto no carrinho de compras</doc>
<tag>adicionar_carrinho</tag>
<status status="PASS" starttime="20240105 23:36:26.200" endtime="20240105 23:36:44.024"/>
</test>
<test id="s1-t2" name="Caso de Teste 04 - Remover Produto do Carrinho" line="36">
<kw name="Abrir o navegador" library="amazon_resources" type="SETUP">
<kw name="Open Browser" library="SeleniumLibrary">
<arg>browser=${BROWSER}</arg>
<doc>Opens a new browser instance to the optional ``url``.</doc>
<msg timestamp="20240105 23:36:44.026" level="INFO">Opening browser 'chrome' to base url 'None'.</msg>
<status status="PASS" starttime="20240105 23:36:44.026" endtime="20240105 23:36:45.374"/>
</kw>
<kw name="Maximize Browser Window" library="SeleniumLibrary">
<doc>Maximizes current browser window.</doc>
<status status="PASS" starttime="20240105 23:36:45.374" endtime="20240105 23:36:45.499"/>
</kw>
<status status="PASS" starttime="20240105 23:36:44.026" endtime="20240105 23:36:45.499"/>
</kw>
<kw name="Acessar a home page do site Amazon.com.br" library="amazon_resources">
<kw name="Go To" library="SeleniumLibrary">
<arg>url=${URL}</arg>
<doc>Navigates the current browser window to the provided ``url``.</doc>
<msg timestamp="20240105 23:36:45.500" level="INFO">Opening url 'http://www.amazon.com.br'</msg>
<status status="PASS" starttime="20240105 23:36:45.500" endtime="20240105 23:36:46.416"/>
</kw>
<kw name="Wait Until Element Is Visible" library="SeleniumLibrary">
<arg>locator=${MENU_ELETRONICOS}</arg>
<doc>Waits until the element ``locator`` is visible.</doc>
<status status="PASS" starttime="20240105 23:36:46.416" endtime="20240105 23:36:46.475"/>
</kw>
<status status="PASS" starttime="20240105 23:36:45.499" endtime="20240105 23:36:46.475"/>
</kw>
<kw name="Digitar o nome de produto &quot;Xbox Series S&quot; no campo de pesquisa" library="amazon_resources" sourcename="Digitar o nome de produto &quot;${PRODUTO}&quot; no campo de pesquisa">
<kw name="Input Text" library="SeleniumLibrary">
<arg>locator=twotabsearchtextbox</arg>
<arg>text=${PRODUTO}</arg>
<doc>Types the given ``text`` into the text field identified by ``locator``.</doc>
<msg timestamp="20240105 23:36:46.476" level="INFO">Typing text 'Xbox Series S' into text field 'twotabsearchtextbox'.</msg>
<status status="PASS" starttime="20240105 23:36:46.475" endtime="20240105 23:36:46.662"/>
</kw>
<status status="PASS" starttime="20240105 23:36:46.475" endtime="20240105 23:36:46.663"/>
</kw>
<kw name="Clicar no botão de pesquisa" library="amazon_resources">
<kw name="Click Element" library="SeleniumLibrary">
<arg>locator=nav-search-submit-button</arg>
<doc>Click the element identified by ``locator``.</doc>
<msg timestamp="20240105 23:36:46.663" level="INFO">Clicking element 'nav-search-submit-button'.</msg>
<status status="PASS" starttime="20240105 23:36:46.663" endtime="20240105 23:36:46.949"/>
</kw>
<status status="PASS" starttime="20240105 23:36:46.663" endtime="20240105 23:36:46.949"/>
</kw>
<kw name="Verificar o resultado da pesquisa se está listando o produto &quot;Console Xbox Series S&quot;" library="amazon_resources" sourcename="Verificar o resultado da pesquisa se está listando o produto &quot;${PRODUTO}&quot;">
<kw name="Wait Until Element Is Visible" library="SeleniumLibrary">
<arg>locator=(//span[contains(.,'${PRODUTO}')])[3]</arg>
<doc>Waits until the element ``locator`` is visible.</doc>
<status status="PASS" starttime="20240105 23:36:46.950" endtime="20240105 23:36:48.314"/>
</kw>
<status status="PASS" starttime="20240105 23:36:46.950" endtime="20240105 23:36:48.314"/>
</kw>
<kw name="Adicionar o produto &quot;Console Xbox Series S&quot; no carrinho" library="amazon_resources" sourcename="Adicionar o produto &quot;${PRODUTO}&quot; no carrinho">
<kw name="Click Image" library="SeleniumLibrary">
<arg>locator=//img[contains(@alt,'${PRODUTO}')]</arg>
<doc>Clicks an image identified by ``locator``.</doc>
<msg timestamp="20240105 23:36:48.315" level="INFO">Clicking image '//img[contains(@alt,'Console Xbox Series S')]'.</msg>
<status status="PASS" starttime="20240105 23:36:48.315" endtime="20240105 23:36:51.580"/>
</kw>
<kw name="Wait Until Element Is Visible" library="SeleniumLibrary">
<arg>locator=${ADD_TO_CART_BTN}</arg>
<doc>Waits until the element ``locator`` is visible.</doc>
<status status="PASS" starttime="20240105 23:36:51.580" endtime="20240105 23:36:51.608"/>
</kw>
<kw name="Click Button" library="SeleniumLibrary">
<arg>locator=${ADD_TO_CART_BTN}</arg>
<doc>Clicks the button identified by ``locator``.</doc>
<msg timestamp="20240105 23:36:51.608" level="INFO">Clicking button '//input[contains(@id,'add-to-cart-button')]'.</msg>
<status status="PASS" starttime="20240105 23:36:51.608" endtime="20240105 23:36:52.580"/>
</kw>
<status status="PASS" starttime="20240105 23:36:48.315" endtime="20240105 23:36:52.580"/>
</kw>
<kw name="Verificar se o produto &quot;Console Xbox Series S&quot; foi adicionado com sucesso" library="amazon_resources" sourcename="Verificar se o produto &quot;${PRODUTO}&quot; foi adicionado com sucesso">
<kw name="Wait Until Element Is Visible" library="SeleniumLibrary">
<arg>locator=sw-atc-buy-box</arg>
<doc>Waits until the element ``locator`` is visible.</doc>
<status status="PASS" starttime="20240105 23:36:52.580" endtime="20240105 23:36:52.630"/>
</kw>
<kw name="Click Element" library="SeleniumLibrary">
<arg>locator=//a[contains(@data-csa-c-type,'button')]</arg>
<doc>Click the element identified by ``locator``.</doc>
<msg timestamp="20240105 23:36:52.630" level="INFO">Clicking element '//a[contains(@data-csa-c-type,'button')]'.</msg>
<status status="PASS" starttime="20240105 23:36:52.630" endtime="20240105 23:36:53.408"/>
</kw>
<kw name="Wait Until Element Is Visible" library="SeleniumLibrary">
<arg>locator=//span[@class='a-truncate-cut'][contains(.,'${PRODUTO}')]</arg>
<doc>Waits until the element ``locator`` is visible.</doc>
<status status="PASS" starttime="20240105 23:36:53.408" endtime="20240105 23:36:53.429"/>
</kw>
<status status="PASS" starttime="20240105 23:36:52.580" endtime="20240105 23:36:53.429"/>
</kw>
<kw name="Remover o produto &quot;Console Xbox Series S&quot; do carrinho" library="amazon_resources" sourcename="Remover o produto &quot;${PRODUTO}&quot; do carrinho">
<kw name="Click Element" library="SeleniumLibrary">
<arg>locator=${EXCLUIR_PRODUTO}</arg>
<doc>Click the element identified by ``locator``.</doc>
<msg timestamp="20240105 23:36:53.430" level="INFO">Clicking element '//input[contains(@value,'Excluir')]'.</msg>
<status status="PASS" starttime="20240105 23:36:53.430" endtime="20240105 23:36:53.525"/>
</kw>
<status status="PASS" starttime="20240105 23:36:53.429" endtime="20240105 23:36:53.525"/>
</kw>
<kw name="Verificar se o carrinho fica vazio" library="amazon_resources">
<kw name="Wait Until Element Is Visible" library="SeleniumLibrary">
<arg>locator=${CARRINHO_VAZIO}</arg>
<doc>Waits until the element ``locator`` is visible.</doc>
<status status="PASS" starttime="20240105 23:36:53.526" endtime="20240105 23:36:53.970"/>
</kw>
<status status="PASS" starttime="20240105 23:36:53.526" endtime="20240105 23:36:53.970"/>
</kw>
<kw name="Fechar o navegador" library="amazon_resources" type="TEARDOWN">
<kw name="Capture Page Screenshot" library="SeleniumLibrary">
<doc>Takes a screenshot of the current page and embeds it into a log file.</doc>
<msg timestamp="20240105 23:36:54.127" level="INFO" html="true">&lt;/td&gt;&lt;/tr&gt;&lt;tr&gt;&lt;td colspan="3"&gt;&lt;a href="selenium-screenshot-6.png"&gt;&lt;img src="selenium-screenshot-6.png" width="800px"&gt;&lt;/a&gt;</msg>
<status status="PASS" starttime="20240105 23:36:53.971" endtime="20240105 23:36:54.127"/>
</kw>
<kw name="Close Browser" library="SeleniumLibrary">
<doc>Closes the current browser.</doc>
<status status="PASS" starttime="20240105 23:36:54.128" endtime="20240105 23:36:56.288"/>
</kw>
<status status="PASS" starttime="20240105 23:36:53.971" endtime="20240105 23:36:56.288"/>
</kw>
<doc>Esse teste verifica a remoção de um produto no carrinho de compras</doc>
<tag>remover_carrinho</tag>
<status status="PASS" starttime="20240105 23:36:44.025" endtime="20240105 23:36:56.289"/>
</test>
<doc>Essa suite testa o site da Amazon.com.br</doc>
<status status="PASS" starttime="20240105 23:36:25.938" endtime="20240105 23:36:56.290"/>
</suite>
<statistics>
<total>
<stat pass="2" fail="0" skip="0">All Tests</stat>
</total>
<tag>
<stat pass="1" fail="0" skip="0">adicionar_carrinho</stat>
<stat pass="1" fail="0" skip="0">remover_carrinho</stat>
</tag>
<suite>
<stat pass="2" fail="0" skip="0" id="s1" name="Amazon Testes">Amazon Testes</stat>
</suite>
</statistics>
<errors>
</errors>
</robot>
