<?xml version="1.0" encoding="UTF-8"?>
<robot generator="Robot 6.1.1 (Python 3.11.5 on win32)" generated="20240106 00:30:08.444" rpa="false" schemaversion="4">
<suite id="s1" name="Amazon Testes Gherkin Bdd" source="C:\Users\babih\CursoUdemy\RobotFramework\WebTesting\amazon_testes_gherkin_bdd.robot">
<test id="s1-t1" name="Caso de teste 01 - Acesso ao menu &quot;Eletrônicos&quot;" line="8">
<kw name="Abrir o navegador" library="amazon_resources" type="SETUP">
<kw name="Open Browser" library="SeleniumLibrary">
<arg>browser=${BROWSER}</arg>
<doc>Opens a new browser instance to the optional ``url``.</doc>
<msg timestamp="20240106 00:30:08.647" level="INFO">Opening browser 'chrome' to base url 'None'.</msg>
<status status="PASS" starttime="20240106 00:30:08.647" endtime="20240106 00:30:09.998"/>
</kw>
<kw name="Maximize Browser Window" library="SeleniumLibrary">
<doc>Maximizes current browser window.</doc>
<status status="PASS" starttime="20240106 00:30:09.998" endtime="20240106 00:30:10.126"/>
</kw>
<status status="PASS" starttime="20240106 00:30:08.647" endtime="20240106 00:30:10.126"/>
</kw>
<kw name="Dado que estou na home page da Amazon.com.br" library="amazon_resources">
<kw name="Acessar a home page do site Amazon.com.br" library="amazon_resources">
<kw name="Go To" library="SeleniumLibrary">
<arg>url=${URL}</arg>
<doc>Navigates the current browser window to the provided ``url``.</doc>
<msg timestamp="20240106 00:30:10.127" level="INFO">Opening url 'http://www.amazon.com.br'</msg>
<status status="PASS" starttime="20240106 00:30:10.127" endtime="20240106 00:30:11.410"/>
</kw>
<kw name="Wait Until Element Is Visible" library="SeleniumLibrary">
<arg>locator=${MENU_ELETRONICOS}</arg>
<doc>Waits until the element ``locator`` is visible.</doc>
<status status="PASS" starttime="20240106 00:30:11.411" endtime="20240106 00:30:11.435"/>
</kw>
<status status="PASS" starttime="20240106 00:30:10.127" endtime="20240106 00:30:11.435"/>
</kw>
<kw name="Verificar se o título da página fica &quot;Amazon.com.br | Tudo pra você, de A a Z.&quot;" library="amazon_resources" sourcename="Verificar se o título da página fica &quot;${TITULO}&quot;">
<kw name="Title Should Be" library="SeleniumLibrary">
<arg>title=${TITULO}</arg>
<doc>Verifies that the current page title equals ``title``.</doc>
<msg timestamp="20240106 00:30:11.494" level="INFO">Page title is 'Amazon.com.br | Tudo pra você, de A a Z.'.</msg>
<status status="PASS" starttime="20240106 00:30:11.435" endtime="20240106 00:30:11.494"/>
</kw>
<status status="PASS" starttime="20240106 00:30:11.435" endtime="20240106 00:30:11.494"/>
</kw>
<status status="PASS" starttime="20240106 00:30:10.126" endtime="20240106 00:30:11.494"/>
</kw>
<kw name="Quando acessar o menu &quot;Eletrônicos&quot;" library="amazon_resources">
<kw name="Entrar no menu &quot;Eletrônicos&quot;" library="amazon_resources">
<kw name="Click Element" library="SeleniumLibrary">
<arg>locator=${MENU_ELETRONICOS}</arg>
<doc>Click the element identified by ``locator``.</doc>
<msg timestamp="20240106 00:30:11.496" level="INFO">Clicking element '//a[@href='/Eletronicos-e-Tecnologia/b/?ie=UTF8&amp;node=16209062011&amp;ref_=nav_cs_electronics'][contains(.,'Eletrônicos')]'.</msg>
<status status="PASS" starttime="20240106 00:30:11.495" endtime="20240106 00:30:13.249"/>
</kw>
<status status="PASS" starttime="20240106 00:30:11.495" endtime="20240106 00:30:13.249"/>
</kw>
<status status="PASS" starttime="20240106 00:30:11.495" endtime="20240106 00:30:13.249"/>
</kw>
<kw name="Então o título da página deve ficar &quot;Eletrônicos e Tecnologia | Amazon.com.br&quot;" library="amazon_resources">
<kw name="Wait Until Element Is Visible" library="SeleniumLibrary">
<arg>locator=${HEADER_ELETRONICOS}</arg>
<doc>Waits until the element ``locator`` is visible.</doc>
<status status="PASS" starttime="20240106 00:30:13.250" endtime="20240106 00:30:13.363"/>
</kw>
<kw name="Verificar se o título da página fica &quot;Eletrônicos e Tecnologia | Amazon.com.br&quot;" library="amazon_resources" sourcename="Verificar se o título da página fica &quot;${TITULO}&quot;">
<kw name="Title Should Be" library="SeleniumLibrary">
<arg>title=${TITULO}</arg>
<doc>Verifies that the current page title equals ``title``.</doc>
<msg timestamp="20240106 00:30:13.407" level="INFO">Page title is 'Eletrônicos e Tecnologia | Amazon.com.br'.</msg>
<status status="PASS" starttime="20240106 00:30:13.364" endtime="20240106 00:30:13.407"/>
</kw>
<status status="PASS" starttime="20240106 00:30:13.363" endtime="20240106 00:30:13.407"/>
</kw>
<status status="PASS" starttime="20240106 00:30:13.250" endtime="20240106 00:30:13.407"/>
</kw>
<kw name="E o texto &quot;Eletrônicos e Tecnologia&quot; deve ser exibido na página" library="amazon_resources">
<kw name="Verificar se aparece a categoria &quot;Computadores e Informática&quot;" library="amazon_resources" sourcename="Verificar se aparece a categoria &quot;${NOME_CATEGORIA}&quot;">
<kw name="Element Should Be Visible" library="SeleniumLibrary">
<arg>locator=//a[@aria-label='${NOME_CATEGORIA}']</arg>
<doc>Verifies that the element identified by ``locator`` is visible.</doc>
<msg timestamp="20240106 00:30:13.492" level="INFO">Element '//a[@aria-label='Computadores e Informática']' is displayed.</msg>
<status status="PASS" starttime="20240106 00:30:13.408" endtime="20240106 00:30:13.492"/>
</kw>
<status status="PASS" starttime="20240106 00:30:13.407" endtime="20240106 00:30:13.492"/>
</kw>
<status status="PASS" starttime="20240106 00:30:13.407" endtime="20240106 00:30:13.492"/>
</kw>
<kw name="E a categoria &quot;Computadores e Informática&quot; deve ser exibida na página" library="amazon_resources">
<kw name="Verificar se aparece a categoria &quot;Tablets&quot;" library="amazon_resources" sourcename="Verificar se aparece a categoria &quot;${NOME_CATEGORIA}&quot;">
<kw name="Element Should Be Visible" library="SeleniumLibrary">
<arg>locator=//a[@aria-label='${NOME_CATEGORIA}']</arg>
<doc>Verifies that the element identified by ``locator`` is visible.</doc>
<msg timestamp="20240106 00:30:13.587" level="INFO">Element '//a[@aria-label='Tablets']' is displayed.</msg>
<status status="PASS" starttime="20240106 00:30:13.493" endtime="20240106 00:30:13.587"/>
</kw>
<status status="PASS" starttime="20240106 00:30:13.493" endtime="20240106 00:30:13.588"/>
</kw>
<status status="PASS" starttime="20240106 00:30:13.492" endtime="20240106 00:30:13.588"/>
</kw>
<kw name="Fechar o navegador" library="amazon_resources" type="TEARDOWN">
<kw name="Capture Page Screenshot" library="SeleniumLibrary">
<doc>Takes a screenshot of the current page and embeds it into a log file.</doc>
<msg timestamp="20240106 00:30:13.800" level="INFO" html="true">&lt;/td&gt;&lt;/tr&gt;&lt;tr&gt;&lt;td colspan="3"&gt;&lt;a href="selenium-screenshot-34.png"&gt;&lt;img src="selenium-screenshot-34.png" width="800px"&gt;&lt;/a&gt;</msg>
<status status="PASS" starttime="20240106 00:30:13.589" endtime="20240106 00:30:13.800"/>
</kw>
<kw name="Close Browser" library="SeleniumLibrary">
<doc>Closes the current browser.</doc>
<status status="PASS" starttime="20240106 00:30:13.800" endtime="20240106 00:30:15.920"/>
</kw>
<status status="PASS" starttime="20240106 00:30:13.588" endtime="20240106 00:30:15.920"/>
</kw>
<doc>Esse teste verifica o menu eletrônicos do site da Amazon.com.br
e verifica a categoria Computadores e Informática</doc>
<tag>categorias</tag>
<tag>menus</tag>
<status status="PASS" starttime="20240106 00:30:08.646" endtime="20240106 00:30:15.921"/>
</test>
<test id="s1-t2" name="Caso de teste 02 - Pesquisa de um Produto" line="17">
<kw name="Abrir o navegador" library="amazon_resources" type="SETUP">
<kw name="Open Browser" library="SeleniumLibrary">
<arg>browser=${BROWSER}</arg>
<doc>Opens a new browser instance to the optional ``url``.</doc>
<msg timestamp="20240106 00:30:15.923" level="INFO">Opening browser 'chrome' to base url 'None'.</msg>
<status status="PASS" starttime="20240106 00:30:15.923" endtime="20240106 00:30:17.254"/>
</kw>
<kw name="Maximize Browser Window" library="SeleniumLibrary">
<doc>Maximizes current browser window.</doc>
<status status="PASS" starttime="20240106 00:30:17.254" endtime="20240106 00:30:17.381"/>
</kw>
<status status="PASS" starttime="20240106 00:30:15.923" endtime="20240106 00:30:17.381"/>
</kw>
<kw name="Dado que estou na home page da Amazon.com.br" library="amazon_resources">
<kw name="Acessar a home page do site Amazon.com.br" library="amazon_resources">
<kw name="Go To" library="SeleniumLibrary">
<arg>url=${URL}</arg>
<doc>Navigates the current browser window to the provided ``url``.</doc>
<msg timestamp="20240106 00:30:17.382" level="INFO">Opening url 'http://www.amazon.com.br'</msg>
<status status="PASS" starttime="20240106 00:30:17.382" endtime="20240106 00:30:18.085"/>
</kw>
<kw name="Wait Until Element Is Visible" library="SeleniumLibrary">
<arg>locator=${MENU_ELETRONICOS}</arg>
<doc>Waits until the element ``locator`` is visible.</doc>
<status status="PASS" starttime="20240106 00:30:18.085" endtime="20240106 00:30:22.621"/>
</kw>
<status status="PASS" starttime="20240106 00:30:17.382" endtime="20240106 00:30:22.621"/>
</kw>
<kw name="Verificar se o título da página fica &quot;Amazon.com.br | Tudo pra você, de A a Z.&quot;" library="amazon_resources" sourcename="Verificar se o título da página fica &quot;${TITULO}&quot;">
<kw name="Title Should Be" library="SeleniumLibrary">
<arg>title=${TITULO}</arg>
<doc>Verifies that the current page title equals ``title``.</doc>
<msg timestamp="20240106 00:30:22.627" level="INFO">Page title is 'Amazon.com.br | Tudo pra você, de A a Z.'.</msg>
<status status="PASS" starttime="20240106 00:30:22.622" endtime="20240106 00:30:22.627"/>
</kw>
<status status="PASS" starttime="20240106 00:30:22.621" endtime="20240106 00:30:22.627"/>
</kw>
<status status="PASS" starttime="20240106 00:30:17.382" endtime="20240106 00:30:22.627"/>
</kw>
<kw name="Quando pesquisar pelo produto &quot;Xbox Series S&quot;" library="amazon_resources">
<kw name="Digitar o nome de produto &quot;Xbox Series S&quot; no campo de pesquisa" library="amazon_resources" sourcename="Digitar o nome de produto &quot;${PRODUTO}&quot; no campo de pesquisa">
<kw name="Input Text" library="SeleniumLibrary">
<arg>locator=twotabsearchtextbox</arg>
<arg>text=${PRODUTO}</arg>
<doc>Types the given ``text`` into the text field identified by ``locator``.</doc>
<msg timestamp="20240106 00:30:22.629" level="INFO">Typing text 'Xbox Series S' into text field 'twotabsearchtextbox'.</msg>
<status status="PASS" starttime="20240106 00:30:22.628" endtime="20240106 00:30:22.820"/>
</kw>
<status status="PASS" starttime="20240106 00:30:22.628" endtime="20240106 00:30:22.820"/>
</kw>
<kw name="Clicar no botão de pesquisa" library="amazon_resources">
<kw name="Click Element" library="SeleniumLibrary">
<arg>locator=nav-search-submit-button</arg>
<doc>Click the element identified by ``locator``.</doc>
<msg timestamp="20240106 00:30:22.821" level="INFO">Clicking element 'nav-search-submit-button'.</msg>
<status status="PASS" starttime="20240106 00:30:22.820" endtime="20240106 00:30:24.125"/>
</kw>
<status status="PASS" starttime="20240106 00:30:22.820" endtime="20240106 00:30:24.125"/>
</kw>
<status status="PASS" starttime="20240106 00:30:22.627" endtime="20240106 00:30:24.125"/>
</kw>
<kw name="Então o título da página deve ficar &quot;Amazon.com.br : Xbox Series S&quot;" library="amazon_resources">
<kw name="Verificar se o título da página fica &quot;Amazon.com.br : Xbox Series S&quot;" library="amazon_resources" sourcename="Verificar se o título da página fica &quot;${TITULO}&quot;">
<kw name="Title Should Be" library="SeleniumLibrary">
<arg>title=${TITULO}</arg>
<doc>Verifies that the current page title equals ``title``.</doc>
<msg timestamp="20240106 00:30:24.131" level="INFO">Page title is 'Amazon.com.br : Xbox Series S'.</msg>
<status status="PASS" starttime="20240106 00:30:24.126" endtime="20240106 00:30:24.131"/>
</kw>
<status status="PASS" starttime="20240106 00:30:24.126" endtime="20240106 00:30:24.131"/>
</kw>
<status status="PASS" starttime="20240106 00:30:24.126" endtime="20240106 00:30:24.131"/>
</kw>
<kw name="E um produto da linha &quot;Xbox Series S&quot; deve ser mostrado na página" library="amazon_resources">
<kw name="Verificar o resultado da pesquisa se está listando o produto &quot;Console Xbox Series S&quot;" library="amazon_resources" sourcename="Verificar o resultado da pesquisa se está listando o produto &quot;${PRODUTO}&quot;">
<kw name="Wait Until Element Is Visible" library="SeleniumLibrary">
<arg>locator=(//span[contains(.,'${PRODUTO}')])[3]</arg>
<doc>Waits until the element ``locator`` is visible.</doc>
<status status="PASS" starttime="20240106 00:30:24.132" endtime="20240106 00:30:24.158"/>
</kw>
<status status="PASS" starttime="20240106 00:30:24.132" endtime="20240106 00:30:24.158"/>
</kw>
<status status="PASS" starttime="20240106 00:30:24.132" endtime="20240106 00:30:24.158"/>
</kw>
<kw name="Fechar o navegador" library="amazon_resources" type="TEARDOWN">
<kw name="Capture Page Screenshot" library="SeleniumLibrary">
<doc>Takes a screenshot of the current page and embeds it into a log file.</doc>
<msg timestamp="20240106 00:30:24.388" level="INFO" html="true">&lt;/td&gt;&lt;/tr&gt;&lt;tr&gt;&lt;td colspan="3"&gt;&lt;a href="selenium-screenshot-35.png"&gt;&lt;img src="selenium-screenshot-35.png" width="800px"&gt;&lt;/a&gt;</msg>
<status status="PASS" starttime="20240106 00:30:24.159" endtime="20240106 00:30:24.388"/>
</kw>
<kw name="Close Browser" library="SeleniumLibrary">
<doc>Closes the current browser.</doc>
<status status="PASS" starttime="20240106 00:30:24.389" endtime="20240106 00:30:26.529"/>
</kw>
<status status="PASS" starttime="20240106 00:30:24.158" endtime="20240106 00:30:26.529"/>
</kw>
<doc>Esse teste verifica a busca de um produto</doc>
<tag>busca_produtos</tag>
<tag>lista_busca</tag>
<status status="PASS" starttime="20240106 00:30:15.922" endtime="20240106 00:30:26.529"/>
</test>
<test id="s1-t3" name="Caso de Teste 03 - Adicionar Produto no Carrinho" line="24">
<kw name="Abrir o navegador" library="amazon_resources" type="SETUP">
<kw name="Open Browser" library="SeleniumLibrary">
<arg>browser=${BROWSER}</arg>
<doc>Opens a new browser instance to the optional ``url``.</doc>
<msg timestamp="20240106 00:30:26.532" level="INFO">Opening browser 'chrome' to base url 'None'.</msg>
<status status="PASS" starttime="20240106 00:30:26.532" endtime="20240106 00:30:27.844"/>
</kw>
<kw name="Maximize Browser Window" library="SeleniumLibrary">
<doc>Maximizes current browser window.</doc>
<status status="PASS" starttime="20240106 00:30:27.844" endtime="20240106 00:30:27.987"/>
</kw>
<status status="PASS" starttime="20240106 00:30:26.530" endtime="20240106 00:30:27.987"/>
</kw>
<kw name="Dado que estou na home page da Amazon.com.br" library="amazon_resources">
<kw name="Acessar a home page do site Amazon.com.br" library="amazon_resources">
<kw name="Go To" library="SeleniumLibrary">
<arg>url=${URL}</arg>
<doc>Navigates the current browser window to the provided ``url``.</doc>
<msg timestamp="20240106 00:30:27.988" level="INFO">Opening url 'http://www.amazon.com.br'</msg>
<status status="PASS" starttime="20240106 00:30:27.987" endtime="20240106 00:30:28.677"/>
</kw>
<kw name="Wait Until Element Is Visible" library="SeleniumLibrary">
<arg>locator=${MENU_ELETRONICOS}</arg>
<doc>Waits until the element ``locator`` is visible.</doc>
<status status="PASS" starttime="20240106 00:30:28.677" endtime="20240106 00:30:33.143"/>
</kw>
<status status="PASS" starttime="20240106 00:30:27.987" endtime="20240106 00:30:33.143"/>
</kw>
<kw name="Verificar se o título da página fica &quot;Amazon.com.br | Tudo pra você, de A a Z.&quot;" library="amazon_resources" sourcename="Verificar se o título da página fica &quot;${TITULO}&quot;">
<kw name="Title Should Be" library="SeleniumLibrary">
<arg>title=${TITULO}</arg>
<doc>Verifies that the current page title equals ``title``.</doc>
<msg timestamp="20240106 00:30:33.149" level="INFO">Page title is 'Amazon.com.br | Tudo pra você, de A a Z.'.</msg>
<status status="PASS" starttime="20240106 00:30:33.143" endtime="20240106 00:30:33.149"/>
</kw>
<status status="PASS" starttime="20240106 00:30:33.143" endtime="20240106 00:30:33.149"/>
</kw>
<status status="PASS" starttime="20240106 00:30:27.987" endtime="20240106 00:30:33.149"/>
</kw>
<kw name="Quando adicionar o produto &quot;Console Xbox Series S&quot; no carrinho" library="amazon_resources">
<kw name="Digitar o nome de produto &quot;Xbox Series S&quot; no campo de pesquisa" library="amazon_resources" sourcename="Digitar o nome de produto &quot;${PRODUTO}&quot; no campo de pesquisa">
<kw name="Input Text" library="SeleniumLibrary">
<arg>locator=twotabsearchtextbox</arg>
<arg>text=${PRODUTO}</arg>
<doc>Types the given ``text`` into the text field identified by ``locator``.</doc>
<msg timestamp="20240106 00:30:33.151" level="INFO">Typing text 'Xbox Series S' into text field 'twotabsearchtextbox'.</msg>
<status status="PASS" starttime="20240106 00:30:33.150" endtime="20240106 00:30:33.313"/>
</kw>
<status status="PASS" starttime="20240106 00:30:33.150" endtime="20240106 00:30:33.313"/>
</kw>
<kw name="Clicar no botão de pesquisa" library="amazon_resources">
<kw name="Click Element" library="SeleniumLibrary">
<arg>locator=nav-search-submit-button</arg>
<doc>Click the element identified by ``locator``.</doc>
<msg timestamp="20240106 00:30:33.313" level="INFO">Clicking element 'nav-search-submit-button'.</msg>
<status status="PASS" starttime="20240106 00:30:33.313" endtime="20240106 00:30:34.677"/>
</kw>
<status status="PASS" starttime="20240106 00:30:33.313" endtime="20240106 00:30:34.677"/>
</kw>
<kw name="Verificar o resultado da pesquisa se está listando o produto &quot;Console Xbox Series S&quot;" library="amazon_resources" sourcename="Verificar o resultado da pesquisa se está listando o produto &quot;${PRODUTO}&quot;">
<kw name="Wait Until Element Is Visible" library="SeleniumLibrary">
<arg>locator=(//span[contains(.,'${PRODUTO}')])[3]</arg>
<doc>Waits until the element ``locator`` is visible.</doc>
<status status="PASS" starttime="20240106 00:30:34.678" endtime="20240106 00:30:34.704"/>
</kw>
<status status="PASS" starttime="20240106 00:30:34.678" endtime="20240106 00:30:34.704"/>
</kw>
<kw name="Adicionar o produto &quot;Console Xbox Series S&quot; no carrinho" library="amazon_resources" sourcename="Adicionar o produto &quot;${PRODUTO}&quot; no carrinho">
<kw name="Click Image" library="SeleniumLibrary">
<arg>locator=//img[contains(@alt,'${PRODUTO}')]</arg>
<doc>Clicks an image identified by ``locator``.</doc>
<msg timestamp="20240106 00:30:34.704" level="INFO">Clicking image '//img[contains(@alt,'Console Xbox Series S')]'.</msg>
<status status="PASS" starttime="20240106 00:30:34.704" endtime="20240106 00:30:37.801"/>
</kw>
<kw name="Wait Until Element Is Visible" library="SeleniumLibrary">
<arg>locator=${ADD_TO_CART_BTN}</arg>
<doc>Waits until the element ``locator`` is visible.</doc>
<status status="PASS" starttime="20240106 00:30:37.801" endtime="20240106 00:30:37.862"/>
</kw>
<kw name="Click Button" library="SeleniumLibrary">
<arg>locator=${ADD_TO_CART_BTN}</arg>
<doc>Clicks the button identified by ``locator``.</doc>
<msg timestamp="20240106 00:30:37.863" level="INFO">Clicking button '//input[contains(@id,'add-to-cart-button')]'.</msg>
<status status="PASS" starttime="20240106 00:30:37.863" endtime="20240106 00:30:38.960"/>
</kw>
<status status="PASS" starttime="20240106 00:30:34.704" endtime="20240106 00:30:38.961"/>
</kw>
<status status="PASS" starttime="20240106 00:30:33.150" endtime="20240106 00:30:38.961"/>
</kw>
<kw name="Então o produto &quot;Console Xbox Series S&quot; deve ser mostrado no carrinho" library="amazon_resources">
<kw name="Verificar se o produto &quot;Console Xbox Series S&quot; foi adicionado com sucesso" library="amazon_resources" sourcename="Verificar se o produto &quot;${PRODUTO}&quot; foi adicionado com sucesso">
<kw name="Wait Until Element Is Visible" library="SeleniumLibrary">
<arg>locator=sw-atc-buy-box</arg>
<doc>Waits until the element ``locator`` is visible.</doc>
<status status="PASS" starttime="20240106 00:30:38.961" endtime="20240106 00:30:39.021"/>
</kw>
<kw name="Click Element" library="SeleniumLibrary">
<arg>locator=//a[contains(@data-csa-c-type,'button')]</arg>
<doc>Click the element identified by ``locator``.</doc>
<msg timestamp="20240106 00:30:39.022" level="INFO">Clicking element '//a[contains(@data-csa-c-type,'button')]'.</msg>
<status status="PASS" starttime="20240106 00:30:39.021" endtime="20240106 00:30:39.818"/>
</kw>
<kw name="Wait Until Element Is Visible" library="SeleniumLibrary">
<arg>locator=//span[@class='a-truncate-cut'][contains(.,'${PRODUTO}')]</arg>
<doc>Waits until the element ``locator`` is visible.</doc>
<status status="PASS" starttime="20240106 00:30:39.818" endtime="20240106 00:30:39.838"/>
</kw>
<status status="PASS" starttime="20240106 00:30:38.961" endtime="20240106 00:30:39.838"/>
</kw>
<status status="PASS" starttime="20240106 00:30:38.961" endtime="20240106 00:30:39.838"/>
</kw>
<kw name="Fechar o navegador" library="amazon_resources" type="TEARDOWN">
<kw name="Capture Page Screenshot" library="SeleniumLibrary">
<doc>Takes a screenshot of the current page and embeds it into a log file.</doc>
<msg timestamp="20240106 00:30:40.022" level="INFO" html="true">&lt;/td&gt;&lt;/tr&gt;&lt;tr&gt;&lt;td colspan="3"&gt;&lt;a href="selenium-screenshot-36.png"&gt;&lt;img src="selenium-screenshot-36.png" width="800px"&gt;&lt;/a&gt;</msg>
<status status="PASS" starttime="20240106 00:30:39.839" endtime="20240106 00:30:40.022"/>
</kw>
<kw name="Close Browser" library="SeleniumLibrary">
<doc>Closes the current browser.</doc>
<status status="PASS" starttime="20240106 00:30:40.022" endtime="20240106 00:30:42.194"/>
</kw>
<status status="PASS" starttime="20240106 00:30:39.839" endtime="20240106 00:30:42.194"/>
</kw>
<doc>Esse teste verifica a adição de um produto no carrinho de compras</doc>
<tag>adicionar_carrinho</tag>
<status status="PASS" starttime="20240106 00:30:26.530" endtime="20240106 00:30:42.195"/>
</test>
<test id="s1-t4" name="Caso de Teste 04 - Remover Produto do Carrinho" line="31">
<kw name="Abrir o navegador" library="amazon_resources" type="SETUP">
<kw name="Open Browser" library="SeleniumLibrary">
<arg>browser=${BROWSER}</arg>
<doc>Opens a new browser instance to the optional ``url``.</doc>
<msg timestamp="20240106 00:30:42.197" level="INFO">Opening browser 'chrome' to base url 'None'.</msg>
<status status="PASS" starttime="20240106 00:30:42.197" endtime="20240106 00:30:43.543"/>
</kw>
<kw name="Maximize Browser Window" library="SeleniumLibrary">
<doc>Maximizes current browser window.</doc>
<status status="PASS" starttime="20240106 00:30:43.543" endtime="20240106 00:30:43.670"/>
</kw>
<status status="PASS" starttime="20240106 00:30:42.197" endtime="20240106 00:30:43.671"/>
</kw>
<kw name="Dado que estou na home page da Amazon.com.br" library="amazon_resources">
<kw name="Acessar a home page do site Amazon.com.br" library="amazon_resources">
<kw name="Go To" library="SeleniumLibrary">
<arg>url=${URL}</arg>
<doc>Navigates the current browser window to the provided ``url``.</doc>
<msg timestamp="20240106 00:30:43.673" level="INFO">Opening url 'http://www.amazon.com.br'</msg>
<status status="PASS" starttime="20240106 00:30:43.671" endtime="20240106 00:30:44.362"/>
</kw>
<kw name="Wait Until Element Is Visible" library="SeleniumLibrary">
<arg>locator=${MENU_ELETRONICOS}</arg>
<doc>Waits until the element ``locator`` is visible.</doc>
<status status="PASS" starttime="20240106 00:30:44.362" endtime="20240106 00:30:49.636"/>
</kw>
<status status="PASS" starttime="20240106 00:30:43.671" endtime="20240106 00:30:49.636"/>
</kw>
<kw name="Verificar se o título da página fica &quot;Amazon.com.br | Tudo pra você, de A a Z.&quot;" library="amazon_resources" sourcename="Verificar se o título da página fica &quot;${TITULO}&quot;">
<kw name="Title Should Be" library="SeleniumLibrary">
<arg>title=${TITULO}</arg>
<doc>Verifies that the current page title equals ``title``.</doc>
<msg timestamp="20240106 00:30:49.643" level="INFO">Page title is 'Amazon.com.br | Tudo pra você, de A a Z.'.</msg>
<status status="PASS" starttime="20240106 00:30:49.637" endtime="20240106 00:30:49.643"/>
</kw>
<status status="PASS" starttime="20240106 00:30:49.636" endtime="20240106 00:30:49.643"/>
</kw>
<status status="PASS" starttime="20240106 00:30:43.671" endtime="20240106 00:30:49.643"/>
</kw>
<kw name="E existe o produto &quot;Console Xbox Series S&quot; no carrinho" library="amazon_resources">
<kw name="Quando adicionar o produto &quot;Console Xbox Series S&quot; no carrinho" library="amazon_resources">
<kw name="Digitar o nome de produto &quot;Xbox Series S&quot; no campo de pesquisa" library="amazon_resources" sourcename="Digitar o nome de produto &quot;${PRODUTO}&quot; no campo de pesquisa">
<kw name="Input Text" library="SeleniumLibrary">
<arg>locator=twotabsearchtextbox</arg>
<arg>text=${PRODUTO}</arg>
<doc>Types the given ``text`` into the text field identified by ``locator``.</doc>
<msg timestamp="20240106 00:30:49.644" level="INFO">Typing text 'Xbox Series S' into text field 'twotabsearchtextbox'.</msg>
<status status="PASS" starttime="20240106 00:30:49.644" endtime="20240106 00:30:49.806"/>
</kw>
<status status="PASS" starttime="20240106 00:30:49.644" endtime="20240106 00:30:49.806"/>
</kw>
<kw name="Clicar no botão de pesquisa" library="amazon_resources">
<kw name="Click Element" library="SeleniumLibrary">
<arg>locator=nav-search-submit-button</arg>
<doc>Click the element identified by ``locator``.</doc>
<msg timestamp="20240106 00:30:49.807" level="INFO">Clicking element 'nav-search-submit-button'.</msg>
<status status="PASS" starttime="20240106 00:30:49.806" endtime="20240106 00:30:52.479"/>
</kw>
<status status="PASS" starttime="20240106 00:30:49.806" endtime="20240106 00:30:52.479"/>
</kw>
<kw name="Verificar o resultado da pesquisa se está listando o produto &quot;Console Xbox Series S&quot;" library="amazon_resources" sourcename="Verificar o resultado da pesquisa se está listando o produto &quot;${PRODUTO}&quot;">
<kw name="Wait Until Element Is Visible" library="SeleniumLibrary">
<arg>locator=(//span[contains(.,'${PRODUTO}')])[3]</arg>
<doc>Waits until the element ``locator`` is visible.</doc>
<status status="PASS" starttime="20240106 00:30:52.480" endtime="20240106 00:30:52.506"/>
</kw>
<status status="PASS" starttime="20240106 00:30:52.479" endtime="20240106 00:30:52.506"/>
</kw>
<kw name="Adicionar o produto &quot;Console Xbox Series S&quot; no carrinho" library="amazon_resources" sourcename="Adicionar o produto &quot;${PRODUTO}&quot; no carrinho">
<kw name="Click Image" library="SeleniumLibrary">
<arg>locator=//img[contains(@alt,'${PRODUTO}')]</arg>
<doc>Clicks an image identified by ``locator``.</doc>
<msg timestamp="20240106 00:30:52.506" level="INFO">Clicking image '//img[contains(@alt,'Console Xbox Series S')]'.</msg>
<status status="PASS" starttime="20240106 00:30:52.506" endtime="20240106 00:30:55.866"/>
</kw>
<kw name="Wait Until Element Is Visible" library="SeleniumLibrary">
<arg>locator=${ADD_TO_CART_BTN}</arg>
<doc>Waits until the element ``locator`` is visible.</doc>
<status status="PASS" starttime="20240106 00:30:55.866" endtime="20240106 00:30:55.895"/>
</kw>
<kw name="Click Button" library="SeleniumLibrary">
<arg>locator=${ADD_TO_CART_BTN}</arg>
<doc>Clicks the button identified by ``locator``.</doc>
<msg timestamp="20240106 00:30:55.895" level="INFO">Clicking button '//input[contains(@id,'add-to-cart-button')]'.</msg>
<status status="PASS" starttime="20240106 00:30:55.895" endtime="20240106 00:30:57.061"/>
</kw>
<status status="PASS" starttime="20240106 00:30:52.506" endtime="20240106 00:30:57.061"/>
</kw>
<status status="PASS" starttime="20240106 00:30:49.644" endtime="20240106 00:30:57.061"/>
</kw>
<kw name="Então o produto &quot;Console Xbox Series S&quot; deve ser mostrado no carrinho" library="amazon_resources">
<kw name="Verificar se o produto &quot;Console Xbox Series S&quot; foi adicionado com sucesso" library="amazon_resources" sourcename="Verificar se o produto &quot;${PRODUTO}&quot; foi adicionado com sucesso">
<kw name="Wait Until Element Is Visible" library="SeleniumLibrary">
<arg>locator=sw-atc-buy-box</arg>
<doc>Waits until the element ``locator`` is visible.</doc>
<status status="PASS" starttime="20240106 00:30:57.062" endtime="20240106 00:30:57.102"/>
</kw>
<kw name="Click Element" library="SeleniumLibrary">
<arg>locator=//a[contains(@data-csa-c-type,'button')]</arg>
<doc>Click the element identified by ``locator``.</doc>
<msg timestamp="20240106 00:30:57.104" level="INFO">Clicking element '//a[contains(@data-csa-c-type,'button')]'.</msg>
<status status="PASS" starttime="20240106 00:30:57.104" endtime="20240106 00:30:57.991"/>
</kw>
<kw name="Wait Until Element Is Visible" library="SeleniumLibrary">
<arg>locator=//span[@class='a-truncate-cut'][contains(.,'${PRODUTO}')]</arg>
<doc>Waits until the element ``locator`` is visible.</doc>
<status status="PASS" starttime="20240106 00:30:57.991" endtime="20240106 00:30:58.015"/>
</kw>
<status status="PASS" starttime="20240106 00:30:57.062" endtime="20240106 00:30:58.015"/>
</kw>
<status status="PASS" starttime="20240106 00:30:57.062" endtime="20240106 00:30:58.015"/>
</kw>
<status status="PASS" starttime="20240106 00:30:49.643" endtime="20240106 00:30:58.015"/>
</kw>
<kw name="Quando remover o produto &quot;Console Xbox Series S&quot; do carrinho" library="amazon_resources">
<kw name="Remover o produto &quot;Console Xbox Series S&quot; do carrinho" library="amazon_resources" sourcename="Remover o produto &quot;${PRODUTO}&quot; do carrinho">
<kw name="Click Element" library="SeleniumLibrary">
<arg>locator=${EXCLUIR_PRODUTO}</arg>
<doc>Click the element identified by ``locator``.</doc>
<msg timestamp="20240106 00:30:58.016" level="INFO">Clicking element '//input[contains(@value,'Excluir')]'.</msg>
<status status="PASS" starttime="20240106 00:30:58.016" endtime="20240106 00:30:58.112"/>
</kw>
<status status="PASS" starttime="20240106 00:30:58.015" endtime="20240106 00:30:58.112"/>
</kw>
<status status="PASS" starttime="20240106 00:30:58.015" endtime="20240106 00:30:58.112"/>
</kw>
<kw name="Então o carrinho deve ficar vazio" library="amazon_resources">
<kw name="Verificar se o carrinho fica vazio" library="amazon_resources">
<kw name="Wait Until Element Is Visible" library="SeleniumLibrary">
<arg>locator=${CARRINHO_VAZIO}</arg>
<doc>Waits until the element ``locator`` is visible.</doc>
<status status="PASS" starttime="20240106 00:30:58.112" endtime="20240106 00:30:58.555"/>
</kw>
<status status="PASS" starttime="20240106 00:30:58.112" endtime="20240106 00:30:58.555"/>
</kw>
<status status="PASS" starttime="20240106 00:30:58.112" endtime="20240106 00:30:58.555"/>
</kw>
<kw name="Fechar o navegador" library="amazon_resources" type="TEARDOWN">
<kw name="Capture Page Screenshot" library="SeleniumLibrary">
<doc>Takes a screenshot of the current page and embeds it into a log file.</doc>
<msg timestamp="20240106 00:30:58.715" level="INFO" html="true">&lt;/td&gt;&lt;/tr&gt;&lt;tr&gt;&lt;td colspan="3"&gt;&lt;a href="selenium-screenshot-37.png"&gt;&lt;img src="selenium-screenshot-37.png" width="800px"&gt;&lt;/a&gt;</msg>
<status status="PASS" starttime="20240106 00:30:58.555" endtime="20240106 00:30:58.716"/>
</kw>
<kw name="Close Browser" library="SeleniumLibrary">
<doc>Closes the current browser.</doc>
<status status="PASS" starttime="20240106 00:30:58.716" endtime="20240106 00:31:01.219"/>
</kw>
<status status="PASS" starttime="20240106 00:30:58.555" endtime="20240106 00:31:01.219"/>
</kw>
<doc>Esse teste verifica a remoção de um produto no carrinho de compras</doc>
<tag>remover_carrinho</tag>
<status status="PASS" starttime="20240106 00:30:42.196" endtime="20240106 00:31:01.219"/>
</test>
<doc>Essa suite testa o site da Amazon.com.br</doc>
<status status="PASS" starttime="20240106 00:30:08.445" endtime="20240106 00:31:01.222"/>
</suite>
<statistics>
<total>
<stat pass="4" fail="0" skip="0">All Tests</stat>
</total>
<tag>
<stat pass="1" fail="0" skip="0">adicionar_carrinho</stat>
<stat pass="1" fail="0" skip="0">busca_produtos</stat>
<stat pass="1" fail="0" skip="0">categorias</stat>
<stat pass="1" fail="0" skip="0">lista_busca</stat>
<stat pass="1" fail="0" skip="0">menus</stat>
<stat pass="1" fail="0" skip="0">remover_carrinho</stat>
</tag>
<suite>
<stat pass="4" fail="0" skip="0" id="s1" name="Amazon Testes Gherkin Bdd">Amazon Testes Gherkin Bdd</stat>
</suite>
</statistics>
<errors>
</errors>
</robot>
