<?xml version="1.0" encoding="UTF-8"?>
<robot generator="Robot 6.1.1 (Python 3.11.5 on win32)" generated="20240104 21:45:18.922" rpa="false" schemaversion="4">
<suite id="s1" name="Amazon Testes Gherkin Bdd" source="C:\Users\babih\CursoUdemy\RobotFramework\WebTesting\amazon_testes_gherkin_bdd.robot">
<test id="s1-t1" name="Caso de teste 01 - Acesso ao menu &quot;Eletrônicos&quot;" line="8">
<kw name="Abrir o navegador" library="amazon_resources" type="SETUP">
<kw name="Open Browser" library="SeleniumLibrary">
<arg>browser=${BROWSER}</arg>
<doc>Opens a new browser instance to the optional ``url``.</doc>
<msg timestamp="20240104 21:45:19.154" level="INFO">Opening browser 'chrome' to base url 'None'.</msg>
<status status="PASS" starttime="20240104 21:45:19.153" endtime="20240104 21:45:20.553"/>
</kw>
<kw name="Maximize Browser Window" library="SeleniumLibrary">
<doc>Maximizes current browser window.</doc>
<status status="PASS" starttime="20240104 21:45:20.553" endtime="20240104 21:45:20.672"/>
</kw>
<status status="PASS" starttime="20240104 21:45:19.153" endtime="20240104 21:45:20.672"/>
</kw>
<kw name="Dado que estou na home page da Amazon.com.br" library="amazon_resources">
<kw name="Acessar a home page do site Amazon.com.br" library="amazon_resources">
<kw name="Go To" library="SeleniumLibrary">
<arg>url=${URL}</arg>
<doc>Navigates the current browser window to the provided ``url``.</doc>
<msg timestamp="20240104 21:45:20.675" level="INFO">Opening url 'http://www.amazon.com.br'</msg>
<status status="PASS" starttime="20240104 21:45:20.674" endtime="20240104 21:45:21.592"/>
</kw>
<kw name="Wait Until Element Is Visible" library="SeleniumLibrary">
<arg>locator=${MENU_ELETRONICOS}</arg>
<doc>Waits until the element ``locator`` is visible.</doc>
<status status="PASS" starttime="20240104 21:45:21.592" endtime="20240104 21:45:26.256"/>
</kw>
<status status="PASS" starttime="20240104 21:45:20.674" endtime="20240104 21:45:26.257"/>
</kw>
<kw name="Verificar se o título da página fica &quot;Amazon.com.br | Tudo pra você, de A a Z.&quot;" library="amazon_resources" sourcename="Verificar se o título da página fica &quot;${TITULO}&quot;">
<kw name="Title Should Be" library="SeleniumLibrary">
<arg>title=${TITULO}</arg>
<doc>Verifies that the current page title equals ``title``.</doc>
<msg timestamp="20240104 21:45:26.264" level="INFO">Page title is 'Amazon.com.br | Tudo pra você, de A a Z.'.</msg>
<status status="PASS" starttime="20240104 21:45:26.258" endtime="20240104 21:45:26.264"/>
</kw>
<status status="PASS" starttime="20240104 21:45:26.257" endtime="20240104 21:45:26.264"/>
</kw>
<status status="PASS" starttime="20240104 21:45:20.674" endtime="20240104 21:45:26.264"/>
</kw>
<kw name="Quando acessar o menu &quot;Eletrônicos&quot;" library="amazon_resources">
<kw name="Entrar no menu &quot;Eletrônicos&quot;" library="amazon_resources">
<kw name="Click Element" library="SeleniumLibrary">
<arg>locator=${MENU_ELETRONICOS}</arg>
<doc>Click the element identified by ``locator``.</doc>
<msg timestamp="20240104 21:45:26.264" level="INFO">Clicking element '//a[@href='/Eletronicos-e-Tecnologia/b/?ie=UTF8&amp;node=16209062011&amp;ref_=nav_cs_electronics'][contains(.,'Eletrônicos')]'.</msg>
<status status="PASS" starttime="20240104 21:45:26.264" endtime="20240104 21:45:28.186"/>
</kw>
<status status="PASS" starttime="20240104 21:45:26.264" endtime="20240104 21:45:28.186"/>
</kw>
<status status="PASS" starttime="20240104 21:45:26.264" endtime="20240104 21:45:28.186"/>
</kw>
<kw name="Então o título da página deve ficar &quot;Eletrônicos e Tecnologia | Amazon.com.br&quot;" library="amazon_resources">
<kw name="Wait Until Element Is Visible" library="SeleniumLibrary">
<arg>locator=${HEADER_ELETRONICOS}</arg>
<doc>Waits until the element ``locator`` is visible.</doc>
<status status="PASS" starttime="20240104 21:45:28.186" endtime="20240104 21:45:28.272"/>
</kw>
<kw name="Verificar se o título da página fica &quot;Eletrônicos e Tecnologia | Amazon.com.br&quot;" library="amazon_resources" sourcename="Verificar se o título da página fica &quot;${TITULO}&quot;">
<kw name="Title Should Be" library="SeleniumLibrary">
<arg>title=${TITULO}</arg>
<doc>Verifies that the current page title equals ``title``.</doc>
<msg timestamp="20240104 21:45:28.291" level="INFO">Page title is 'Eletrônicos e Tecnologia | Amazon.com.br'.</msg>
<status status="PASS" starttime="20240104 21:45:28.272" endtime="20240104 21:45:28.291"/>
</kw>
<status status="PASS" starttime="20240104 21:45:28.272" endtime="20240104 21:45:28.292"/>
</kw>
<status status="PASS" starttime="20240104 21:45:28.186" endtime="20240104 21:45:28.292"/>
</kw>
<kw name="E o texto &quot;Eletrônicos e Tecnologia&quot; deve ser exibido na página" library="amazon_resources">
<kw name="Verificar se aparece a categoria &quot;Computadores e Informática&quot;" library="amazon_resources" sourcename="Verificar se aparece a categoria &quot;${NOME_CATEGORIA}&quot;">
<kw name="Element Should Be Visible" library="SeleniumLibrary">
<arg>locator=//a[@aria-label='${NOME_CATEGORIA}']</arg>
<doc>Verifies that the element identified by ``locator`` is visible.</doc>
<msg timestamp="20240104 21:45:28.389" level="INFO">Element '//a[@aria-label='Computadores e Informática']' is displayed.</msg>
<status status="PASS" starttime="20240104 21:45:28.293" endtime="20240104 21:45:28.389"/>
</kw>
<status status="PASS" starttime="20240104 21:45:28.292" endtime="20240104 21:45:28.389"/>
</kw>
<status status="PASS" starttime="20240104 21:45:28.292" endtime="20240104 21:45:28.390"/>
</kw>
<kw name="E a categoria &quot;Computadores e Informática&quot; deve ser exibida na página" library="amazon_resources">
<kw name="Verificar se aparece a categoria &quot;Tablets&quot;" library="amazon_resources" sourcename="Verificar se aparece a categoria &quot;${NOME_CATEGORIA}&quot;">
<kw name="Element Should Be Visible" library="SeleniumLibrary">
<arg>locator=//a[@aria-label='${NOME_CATEGORIA}']</arg>
<doc>Verifies that the element identified by ``locator`` is visible.</doc>
<msg timestamp="20240104 21:45:28.505" level="INFO">Element '//a[@aria-label='Tablets']' is displayed.</msg>
<status status="PASS" starttime="20240104 21:45:28.392" endtime="20240104 21:45:28.505"/>
</kw>
<status status="PASS" starttime="20240104 21:45:28.390" endtime="20240104 21:45:28.505"/>
</kw>
<status status="PASS" starttime="20240104 21:45:28.390" endtime="20240104 21:45:28.505"/>
</kw>
<kw name="Fechar o navegador" library="amazon_resources" type="TEARDOWN">
<kw name="Capture Page Screenshot" library="SeleniumLibrary">
<doc>Takes a screenshot of the current page and embeds it into a log file.</doc>
<msg timestamp="20240104 21:45:28.785" level="INFO" html="true">&lt;/td&gt;&lt;/tr&gt;&lt;tr&gt;&lt;td colspan="3"&gt;&lt;a href="selenium-screenshot-3.png"&gt;&lt;img src="selenium-screenshot-3.png" width="800px"&gt;&lt;/a&gt;</msg>
<status status="PASS" starttime="20240104 21:45:28.506" endtime="20240104 21:45:28.785"/>
</kw>
<kw name="Close Browser" library="SeleniumLibrary">
<doc>Closes the current browser.</doc>
<status status="PASS" starttime="20240104 21:45:28.785" endtime="20240104 21:45:30.958"/>
</kw>
<status status="PASS" starttime="20240104 21:45:28.506" endtime="20240104 21:45:30.958"/>
</kw>
<doc>Esse teste verifica o menu eletrônicos do site da Amazon.com.br
e verifica a categoria Computadores e Informática</doc>
<tag>categorias</tag>
<tag>menus</tag>
<status status="PASS" starttime="20240104 21:45:19.152" endtime="20240104 21:45:30.958"/>
</test>
<test id="s1-t2" name="Caso de teste 02 - Pesquisa de um Produto" line="17">
<kw name="Abrir o navegador" library="amazon_resources" type="SETUP">
<kw name="Open Browser" library="SeleniumLibrary">
<arg>browser=${BROWSER}</arg>
<doc>Opens a new browser instance to the optional ``url``.</doc>
<msg timestamp="20240104 21:45:30.961" level="INFO">Opening browser 'chrome' to base url 'None'.</msg>
<status status="PASS" starttime="20240104 21:45:30.960" endtime="20240104 21:45:32.424"/>
</kw>
<kw name="Maximize Browser Window" library="SeleniumLibrary">
<doc>Maximizes current browser window.</doc>
<status status="PASS" starttime="20240104 21:45:32.425" endtime="20240104 21:45:32.548"/>
</kw>
<status status="PASS" starttime="20240104 21:45:30.960" endtime="20240104 21:45:32.548"/>
</kw>
<kw name="Dado que estou na home page da Amazon.com.br" library="amazon_resources">
<kw name="Acessar a home page do site Amazon.com.br" library="amazon_resources">
<kw name="Go To" library="SeleniumLibrary">
<arg>url=${URL}</arg>
<doc>Navigates the current browser window to the provided ``url``.</doc>
<msg timestamp="20240104 21:45:32.550" level="INFO">Opening url 'http://www.amazon.com.br'</msg>
<status status="PASS" starttime="20240104 21:45:32.550" endtime="20240104 21:45:33.311"/>
</kw>
<kw name="Wait Until Element Is Visible" library="SeleniumLibrary">
<arg>locator=${MENU_ELETRONICOS}</arg>
<doc>Waits until the element ``locator`` is visible.</doc>
<status status="PASS" starttime="20240104 21:45:33.312" endtime="20240104 21:45:38.707"/>
</kw>
<status status="PASS" starttime="20240104 21:45:32.550" endtime="20240104 21:45:38.707"/>
</kw>
<kw name="Verificar se o título da página fica &quot;Amazon.com.br | Tudo pra você, de A a Z.&quot;" library="amazon_resources" sourcename="Verificar se o título da página fica &quot;${TITULO}&quot;">
<kw name="Title Should Be" library="SeleniumLibrary">
<arg>title=${TITULO}</arg>
<doc>Verifies that the current page title equals ``title``.</doc>
<msg timestamp="20240104 21:45:38.735" level="INFO">Page title is 'Amazon.com.br | Tudo pra você, de A a Z.'.</msg>
<status status="PASS" starttime="20240104 21:45:38.707" endtime="20240104 21:45:38.735"/>
</kw>
<status status="PASS" starttime="20240104 21:45:38.707" endtime="20240104 21:45:38.735"/>
</kw>
<status status="PASS" starttime="20240104 21:45:32.550" endtime="20240104 21:45:38.735"/>
</kw>
<kw name="Quando pesquisar pelo produto &quot;Xbox Series S&quot;" library="amazon_resources">
<kw name="Digitar o nome de produto &quot;Xbox Series S&quot; no campo de pesquisa" library="amazon_resources" sourcename="Digitar o nome de produto &quot;${PRODUTO}&quot; no campo de pesquisa">
<kw name="Input Text" library="SeleniumLibrary">
<arg>locator=twotabsearchtextbox</arg>
<arg>text=${PRODUTO}</arg>
<doc>Types the given ``text`` into the text field identified by ``locator``.</doc>
<msg timestamp="20240104 21:45:38.735" level="INFO">Typing text 'Xbox Series S' into text field 'twotabsearchtextbox'.</msg>
<status status="PASS" starttime="20240104 21:45:38.735" endtime="20240104 21:45:38.956"/>
</kw>
<status status="PASS" starttime="20240104 21:45:38.735" endtime="20240104 21:45:38.956"/>
</kw>
<kw name="Clicar no botão de pesquisa" library="amazon_resources">
<kw name="Click Element" library="SeleniumLibrary">
<arg>locator=nav-search-submit-button</arg>
<doc>Click the element identified by ``locator``.</doc>
<msg timestamp="20240104 21:45:38.958" level="INFO">Clicking element 'nav-search-submit-button'.</msg>
<status status="PASS" starttime="20240104 21:45:38.957" endtime="20240104 21:45:40.480"/>
</kw>
<status status="PASS" starttime="20240104 21:45:38.956" endtime="20240104 21:45:40.480"/>
</kw>
<status status="PASS" starttime="20240104 21:45:38.735" endtime="20240104 21:45:40.480"/>
</kw>
<kw name="Então o título da página deve ficar &quot;Amazon.com.br : Xbox Series S&quot;" library="amazon_resources">
<kw name="Verificar se o título da página fica &quot;Amazon.com.br : Xbox Series S&quot;" library="amazon_resources" sourcename="Verificar se o título da página fica &quot;${TITULO}&quot;">
<kw name="Title Should Be" library="SeleniumLibrary">
<arg>title=${TITULO}</arg>
<doc>Verifies that the current page title equals ``title``.</doc>
<msg timestamp="20240104 21:45:40.487" level="INFO">Page title is 'Amazon.com.br : Xbox Series S'.</msg>
<status status="PASS" starttime="20240104 21:45:40.482" endtime="20240104 21:45:40.487"/>
</kw>
<status status="PASS" starttime="20240104 21:45:40.482" endtime="20240104 21:45:40.487"/>
</kw>
<status status="PASS" starttime="20240104 21:45:40.482" endtime="20240104 21:45:40.487"/>
</kw>
<kw name="E um produto da linha &quot;Xbox Series S&quot; deve ser mostrado na página" library="amazon_resources">
<kw name="Verificar o resultado da pesquisa se está listando o produto &quot;Console Xbox Series S&quot;" library="amazon_resources" sourcename="Verificar o resultado da pesquisa se está listando o produto &quot;${PRODUTO}&quot;">
<kw name="Wait Until Element Is Visible" library="SeleniumLibrary">
<arg>locator=(//span[contains(.,'${PRODUTO}')])[3]</arg>
<doc>Waits until the element ``locator`` is visible.</doc>
<status status="PASS" starttime="20240104 21:45:40.488" endtime="20240104 21:45:40.533"/>
</kw>
<status status="PASS" starttime="20240104 21:45:40.488" endtime="20240104 21:45:40.533"/>
</kw>
<status status="PASS" starttime="20240104 21:45:40.487" endtime="20240104 21:45:40.533"/>
</kw>
<kw name="Fechar o navegador" library="amazon_resources" type="TEARDOWN">
<kw name="Capture Page Screenshot" library="SeleniumLibrary">
<doc>Takes a screenshot of the current page and embeds it into a log file.</doc>
<msg timestamp="20240104 21:45:40.774" level="INFO" html="true">&lt;/td&gt;&lt;/tr&gt;&lt;tr&gt;&lt;td colspan="3"&gt;&lt;a href="selenium-screenshot-4.png"&gt;&lt;img src="selenium-screenshot-4.png" width="800px"&gt;&lt;/a&gt;</msg>
<status status="PASS" starttime="20240104 21:45:40.538" endtime="20240104 21:45:40.774"/>
</kw>
<kw name="Close Browser" library="SeleniumLibrary">
<doc>Closes the current browser.</doc>
<status status="PASS" starttime="20240104 21:45:40.774" endtime="20240104 21:45:42.934"/>
</kw>
<status status="PASS" starttime="20240104 21:45:40.537" endtime="20240104 21:45:42.934"/>
</kw>
<doc>Esse teste verifica a busca de um produto</doc>
<tag>busca_produtos</tag>
<tag>lista_busca</tag>
<status status="PASS" starttime="20240104 21:45:30.959" endtime="20240104 21:45:42.934"/>
</test>
<doc>Essa suite testa o site da Amazon.com.br</doc>
<status status="PASS" starttime="20240104 21:45:18.923" endtime="20240104 21:45:42.935"/>
</suite>
<statistics>
<total>
<stat pass="2" fail="0" skip="0">All Tests</stat>
</total>
<tag>
<stat pass="1" fail="0" skip="0">busca_produtos</stat>
<stat pass="1" fail="0" skip="0">categorias</stat>
<stat pass="1" fail="0" skip="0">lista_busca</stat>
<stat pass="1" fail="0" skip="0">menus</stat>
</tag>
<suite>
<stat pass="2" fail="0" skip="0" id="s1" name="Amazon Testes Gherkin Bdd">Amazon Testes Gherkin Bdd</stat>
</suite>
</statistics>
<errors>
</errors>
</robot>
